# JRE version: OpenJDK Runtime Environment (24.0.1+9) (build 24.0.1+9-30)
# Java VM: OpenJDK 64-Bit Server VM (24.0.1+9-30, mixed mode, sharing, tiered, compressed oops, compressed class ptrs, g1 gc, windows-amd64)
GC Precious Log:
 CardTable entry size: 512
 Card Set container configuration: InlinePtr #cards 5 size 8 Array Of Cards #cards 10 size 36 Howl #buckets 4 coarsen threshold 1843 Howl Bitmap #cards 512 size 80 coarsen threshold 460 Card regions per heap region 1 cards per card region 2048
 CPUs: 16 total, 16 available
 Memory: 7501M
 Large Page Support: Disabled
 NUMA Support: Disabled
 Compressed Oops: Enabled (32-bit)
 Heap Region Size: 1M
 Heap Min Capacity: 8M
 Heap Initial Capacity: 118M
 Heap Max Capacity: 1876M
 Pre-touch: Disabled
 Parallel Workers: 13
 Concurrent Workers: 3
 Concurrent Refinement Workers: 13
 Periodic GC: Disabled
Heap:
 garbage-first heap   total reserved 1921024K, committed 61440K, used 48572K [0x000000008ac00000, 0x0000000100000000)
  region size 1024K, 16 young (16384K), 2 survivors (2048K)
 Metaspace       used 65610K, committed 66304K, reserved 1114112K
  class space    used 7115K, committed 7424K, reserved 1048576K
GC Heap History (20 events):
Event: 32.617 GC heap before
{Heap before GC invocations=17 (full 0):
 garbage-first heap   total reserved 1921024K, committed 53248K, used 44555K [0x000000008ac00000, 0x0000000100000000)
  region size 1024K, 16 young (16384K), 3 survivors (3072K)
 Metaspace       used 53712K, committed 54272K, reserved 1114112K
  class space    used 5869K, committed 6144K, reserved 1048576K
}
Event: 32.621 GC heap after
{Heap after GC invocations=18 (full 0):
 garbage-first heap   total reserved 1921024K, committed 53248K, used 32560K [0x000000008ac00000, 0x0000000100000000)
  region size 1024K, 2 young (2048K), 2 survivors (2048K)
 Metaspace       used 53712K, committed 54272K, reserved 1114112K
  class space    used 5869K, committed 6144K, reserved 1048576K
}
Event: 38.404 GC heap before
{Heap before GC invocations=18 (full 0):
 garbage-first heap   total reserved 1921024K, committed 53248K, used 45872K [0x000000008ac00000, 0x0000000100000000)
  region size 1024K, 15 young (15360K), 2 survivors (2048K)
 Metaspace       used 55205K, committed 55744K, reserved 1114112K
  class space    used 6069K, committed 6336K, reserved 1048576K
}
Event: 38.409 GC heap after
{Heap after GC invocations=19 (full 0):
 garbage-first heap   total reserved 1921024K, committed 53248K, used 33087K [0x000000008ac00000, 0x0000000100000000)
  region size 1024K, 1 young (1024K), 1 survivors (1024K)
 Metaspace       used 55205K, committed 55744K, reserved 1114112K
  class space    used 6069K, committed 6336K, reserved 1048576K
}
Event: 42.391 GC heap before
{Heap before GC invocations=19 (full 0):
 garbage-first heap   total reserved 1921024K, committed 53248K, used 46399K [0x000000008ac00000, 0x0000000100000000)
  region size 1024K, 15 young (15360K), 1 survivors (1024K)
 Metaspace       used 55926K, committed 56512K, reserved 1114112K
  class space    used 6163K, committed 6400K, reserved 1048576K
}
Event: 42.394 GC heap after
{Heap after GC invocations=20 (full 0):
 garbage-first heap   total reserved 1921024K, committed 53248K, used 33537K [0x000000008ac00000, 0x0000000100000000)
  region size 1024K, 2 young (2048K), 2 survivors (2048K)
 Metaspace       used 55926K, committed 56512K, reserved 1114112K
  class space    used 6163K, committed 6400K, reserved 1048576K
}
Event: 46.863 GC heap before
{Heap before GC invocations=21 (full 0):
 garbage-first heap   total reserved 1921024K, committed 58368K, used 44801K [0x000000008ac00000, 0x0000000100000000)
  region size 1024K, 14 young (14336K), 2 survivors (2048K)
 Metaspace       used 58698K, committed 59328K, reserved 1114112K
  class space    used 6480K, committed 6784K, reserved 1048576K
}
Event: 46.868 GC heap after
{Heap after GC invocations=22 (full 0):
 garbage-first heap   total reserved 1921024K, committed 58368K, used 34475K [0x000000008ac00000, 0x0000000100000000)
  region size 1024K, 2 young (2048K), 2 survivors (2048K)
 Metaspace       used 58698K, committed 59328K, reserved 1114112K
  class space    used 6480K, committed 6784K, reserved 1048576K
}
Event: 48.142 GC heap before
{Heap before GC invocations=22 (full 0):
 garbage-first heap   total reserved 1921024K, committed 58368K, used 49835K [0x000000008ac00000, 0x0000000100000000)
  region size 1024K, 18 young (18432K), 2 survivors (2048K)
 Metaspace       used 61438K, committed 62080K, reserved 1114112K
  class space    used 6792K, committed 7104K, reserved 1048576K
}
Event: 48.148 GC heap after
{Heap after GC invocations=23 (full 0):
 garbage-first heap   total reserved 1921024K, committed 58368K, used 35123K [0x000000008ac00000, 0x0000000100000000)
  region size 1024K, 3 young (3072K), 3 survivors (3072K)
 Metaspace       used 61438K, committed 62080K, reserved 1114112K
  class space    used 6792K, committed 7104K, reserved 1048576K
}
Event: 59.096 GC heap before
{Heap before GC invocations=23 (full 0):
 garbage-first heap   total reserved 1921024K, committed 58368K, used 49459K [0x000000008ac00000, 0x0000000100000000)
  region size 1024K, 18 young (18432K), 3 survivors (3072K)
 Metaspace       used 62188K, committed 62784K, reserved 1114112K
  class space    used 6843K, committed 7104K, reserved 1048576K
}
Event: 59.102 GC heap after
{Heap after GC invocations=24 (full 0):
 garbage-first heap   total reserved 1921024K, committed 58368K, used 35805K [0x000000008ac00000, 0x0000000100000000)
  region size 1024K, 2 young (2048K), 2 survivors (2048K)
 Metaspace       used 62188K, committed 62784K, reserved 1114112K
  class space    used 6843K, committed 7104K, reserved 1048576K
}
Event: 67.589 GC heap before
{Heap before GC invocations=25 (full 0):
 garbage-first heap   total reserved 1921024K, committed 60416K, used 51165K [0x000000008ac00000, 0x0000000100000000)
  region size 1024K, 18 young (18432K), 2 survivors (2048K)
 Metaspace       used 62665K, committed 63232K, reserved 1114112K
  class space    used 6855K, committed 7104K, reserved 1048576K
}
Event: 67.592 GC heap after
{Heap after GC invocations=26 (full 0):
 garbage-first heap   total reserved 1921024K, committed 60416K, used 35998K [0x000000008ac00000, 0x0000000100000000)
  region size 1024K, 2 young (2048K), 2 survivors (2048K)
 Metaspace       used 62665K, committed 63232K, reserved 1114112K
  class space    used 6855K, committed 7104K, reserved 1048576K
}
Event: 105.150 GC heap before
{Heap before GC invocations=26 (full 0):
 garbage-first heap   total reserved 1921024K, committed 60416K, used 52382K [0x000000008ac00000, 0x0000000100000000)
  region size 1024K, 19 young (19456K), 2 survivors (2048K)
 Metaspace       used 63403K, committed 64064K, reserved 1114112K
  class space    used 6929K, committed 7232K, reserved 1048576K
}
Event: 105.156 GC heap after
{Heap after GC invocations=27 (full 0):
 garbage-first heap   total reserved 1921024K, committed 60416K, used 35666K [0x000000008ac00000, 0x0000000100000000)
  region size 1024K, 2 young (2048K), 2 survivors (2048K)
 Metaspace       used 63403K, committed 64064K, reserved 1114112K
  class space    used 6929K, committed 7232K, reserved 1048576K
}
Event: 127.795 GC heap before
{Heap before GC invocations=27 (full 0):
 garbage-first heap   total reserved 1921024K, committed 60416K, used 52050K [0x000000008ac00000, 0x0000000100000000)
  region size 1024K, 19 young (19456K), 2 survivors (2048K)
 Metaspace       used 64975K, committed 65600K, reserved 1114112K
  class space    used 7081K, committed 7360K, reserved 1048576K
}
Event: 127.806 GC heap after
{Heap after GC invocations=28 (full 0):
 garbage-first heap   total reserved 1921024K, committed 60416K, used 36122K [0x000000008ac00000, 0x0000000100000000)
  region size 1024K, 2 young (2048K), 2 survivors (2048K)
 Metaspace       used 64975K, committed 65600K, reserved 1114112K
  class space    used 7081K, committed 7360K, reserved 1048576K
}
Event: 157.494 GC heap before
{Heap before GC invocations=29 (full 0):
 garbage-first heap   total reserved 1921024K, committed 61440K, used 53530K [0x000000008ac00000, 0x0000000100000000)
  region size 1024K, 20 young (20480K), 2 survivors (2048K)
 Metaspace       used 65488K, committed 66176K, reserved 1114112K
  class space    used 7110K, committed 7424K, reserved 1048576K
}
Event: 157.531 GC heap after
{Heap after GC invocations=30 (full 0):
 garbage-first heap   total reserved 1921024K, committed 61440K, used 36284K [0x000000008ac00000, 0x0000000100000000)
  region size 1024K, 2 young (2048K), 2 survivors (2048K)
 Metaspace       used 65488K, committed 66176K, reserved 1114112K
  class space    used 7110K, committed 7424K, reserved 1048576K
}

