# JRE version: OpenJDK Runtime Environment (24.0.1+9) (build 24.0.1+9-30)
# Java VM: OpenJDK 64-Bit Server VM (24.0.1+9-30, mixed mode, sharing, tiered, compressed oops, compressed class ptrs, g1 gc, windows-amd64)
GC Precious Log:
 CardTable entry size: 512
 Card Set container configuration: InlinePtr #cards 5 size 8 Array Of Cards #cards 10 size 36 Howl #buckets 4 coarsen threshold 1843 Howl Bitmap #cards 512 size 80 coarsen threshold 460 Card regions per heap region 1 cards per card region 2048
 CPUs: 16 total, 16 available
 Memory: 7501M
 Large Page Support: Disabled
 NUMA Support: Disabled
 Compressed Oops: Enabled (32-bit)
 Heap Region Size: 1M
 Heap Min Capacity: 8M
 Heap Initial Capacity: 118M
 Heap Max Capacity: 1876M
 Pre-touch: Disabled
 Parallel Workers: 13
 Concurrent Workers: 3
 Concurrent Refinement Workers: 13
 Periodic GC: Disabled
Heap:
 garbage-first heap   total reserved 1921024K, committed 56320K, used 42366K [0x000000008ac00000, 0x0000000100000000)
  region size 1024K, 15 young (15360K), 3 survivors (3072K)
 Metaspace       used 58976K, committed 59584K, reserved 1114112K
  class space    used 6527K, committed 6784K, reserved 1048576K
GC Heap History (20 events):
Event: 19.533 GC heap before
{Heap before GC invocations=5 (full 0):
 garbage-first heap   total reserved 1921024K, committed 54272K, used 40126K [0x000000008ac00000, 0x0000000100000000)
  region size 1024K, 25 young (25600K), 2 survivors (2048K)
 Metaspace       used 33237K, committed 33664K, reserved 1114112K
  class space    used 3456K, committed 3648K, reserved 1048576K
}
Event: 19.538 GC heap after
{Heap after GC invocations=6 (full 0):
 garbage-first heap   total reserved 1921024K, committed 54272K, used 18658K [0x000000008ac00000, 0x0000000100000000)
  region size 1024K, 4 young (4096K), 4 survivors (4096K)
 Metaspace       used 33237K, committed 33664K, reserved 1114112K
  class space    used 3456K, committed 3648K, reserved 1048576K
}
Event: 20.098 GC heap before
{Heap before GC invocations=6 (full 0):
 garbage-first heap   total reserved 1921024K, committed 54272K, used 30946K [0x000000008ac00000, 0x0000000100000000)
  region size 1024K, 17 young (17408K), 4 survivors (4096K)
 Metaspace       used 35579K, committed 35968K, reserved 1114112K
  class space    used 3717K, committed 3904K, reserved 1048576K
}
Event: 20.105 GC heap after
{Heap after GC invocations=7 (full 0):
 garbage-first heap   total reserved 1921024K, committed 54272K, used 19531K [0x000000008ac00000, 0x0000000100000000)
  region size 1024K, 2 young (2048K), 2 survivors (2048K)
 Metaspace       used 35579K, committed 35968K, reserved 1114112K
  class space    used 3717K, committed 3904K, reserved 1048576K
}
Event: 20.900 GC heap before
{Heap before GC invocations=8 (full 0):
 garbage-first heap   total reserved 1921024K, committed 54272K, used 41035K [0x000000008ac00000, 0x0000000100000000)
  region size 1024K, 24 young (24576K), 2 survivors (2048K)
 Metaspace       used 41872K, committed 42368K, reserved 1114112K
  class space    used 4399K, committed 4608K, reserved 1048576K
}
Event: 20.905 GC heap after
{Heap after GC invocations=9 (full 0):
 garbage-first heap   total reserved 1921024K, committed 54272K, used 21829K [0x000000008ac00000, 0x0000000100000000)
  region size 1024K, 3 young (3072K), 3 survivors (3072K)
 Metaspace       used 41872K, committed 42368K, reserved 1114112K
  class space    used 4399K, committed 4608K, reserved 1048576K
}
Event: 21.502 GC heap before
{Heap before GC invocations=9 (full 0):
 garbage-first heap   total reserved 1921024K, committed 54272K, used 43333K [0x000000008ac00000, 0x0000000100000000)
  region size 1024K, 25 young (25600K), 3 survivors (3072K)
 Metaspace       used 45420K, committed 45888K, reserved 1114112K
  class space    used 4847K, committed 5056K, reserved 1048576K
}
Event: 21.509 GC heap after
{Heap after GC invocations=10 (full 0):
 garbage-first heap   total reserved 1921024K, committed 54272K, used 23712K [0x000000008ac00000, 0x0000000100000000)
  region size 1024K, 4 young (4096K), 4 survivors (4096K)
 Metaspace       used 45420K, committed 45888K, reserved 1114112K
  class space    used 4847K, committed 5056K, reserved 1048576K
}
Event: 21.890 GC heap before
{Heap before GC invocations=10 (full 0):
 garbage-first heap   total reserved 1921024K, committed 54272K, used 44192K [0x000000008ac00000, 0x0000000100000000)
  region size 1024K, 25 young (25600K), 4 survivors (4096K)
 Metaspace       used 47292K, committed 47808K, reserved 1114112K
  class space    used 5056K, committed 5248K, reserved 1048576K
}
Event: 21.896 GC heap after
{Heap after GC invocations=11 (full 0):
 garbage-first heap   total reserved 1921024K, committed 54272K, used 25577K [0x000000008ac00000, 0x0000000100000000)
  region size 1024K, 4 young (4096K), 4 survivors (4096K)
 Metaspace       used 47292K, committed 47808K, reserved 1114112K
  class space    used 5056K, committed 5248K, reserved 1048576K
}
Event: 22.262 GC heap before
{Heap before GC invocations=11 (full 0):
 garbage-first heap   total reserved 1921024K, committed 54272K, used 44009K [0x000000008ac00000, 0x0000000100000000)
  region size 1024K, 23 young (23552K), 4 survivors (4096K)
 Metaspace       used 48707K, committed 49216K, reserved 1114112K
  class space    used 5243K, committed 5440K, reserved 1048576K
}
Event: 22.268 GC heap after
{Heap after GC invocations=12 (full 0):
 garbage-first heap   total reserved 1921024K, committed 54272K, used 26894K [0x000000008ac00000, 0x0000000100000000)
  region size 1024K, 3 young (3072K), 3 survivors (3072K)
 Metaspace       used 48707K, committed 49216K, reserved 1114112K
  class space    used 5243K, committed 5440K, reserved 1048576K
}
Event: 22.878 GC heap before
{Heap before GC invocations=12 (full 0):
 garbage-first heap   total reserved 1921024K, committed 54272K, used 46350K [0x000000008ac00000, 0x0000000100000000)
  region size 1024K, 22 young (22528K), 3 survivors (3072K)
 Metaspace       used 50753K, committed 51328K, reserved 1114112K
  class space    used 5495K, committed 5760K, reserved 1048576K
}
Event: 22.883 GC heap after
{Heap after GC invocations=13 (full 0):
 garbage-first heap   total reserved 1921024K, committed 54272K, used 28589K [0x000000008ac00000, 0x0000000100000000)
  region size 1024K, 3 young (3072K), 3 survivors (3072K)
 Metaspace       used 50753K, committed 51328K, reserved 1114112K
  class space    used 5495K, committed 5760K, reserved 1048576K
}
Event: 23.418 GC heap before
{Heap before GC invocations=14 (full 0):
 garbage-first heap   total reserved 1921024K, committed 54272K, used 47021K [0x000000008ac00000, 0x0000000100000000)
  region size 1024K, 21 young (21504K), 3 survivors (3072K)
 Metaspace       used 52018K, committed 52608K, reserved 1114112K
  class space    used 5665K, committed 5952K, reserved 1048576K
}
Event: 23.423 GC heap after
{Heap after GC invocations=15 (full 0):
 garbage-first heap   total reserved 1921024K, committed 54272K, used 30651K [0x000000008ac00000, 0x0000000100000000)
  region size 1024K, 2 young (2048K), 2 survivors (2048K)
 Metaspace       used 52018K, committed 52608K, reserved 1114112K
  class space    used 5665K, committed 5952K, reserved 1048576K
}
Event: 23.972 GC heap before
{Heap before GC invocations=15 (full 0):
 garbage-first heap   total reserved 1921024K, committed 54272K, used 48059K [0x000000008ac00000, 0x0000000100000000)
  region size 1024K, 19 young (19456K), 2 survivors (2048K)
 Metaspace       used 53799K, committed 54336K, reserved 1114112K
  class space    used 5890K, committed 6144K, reserved 1048576K
}
Event: 23.977 GC heap after
{Heap after GC invocations=16 (full 0):
 garbage-first heap   total reserved 1921024K, committed 54272K, used 31346K [0x000000008ac00000, 0x0000000100000000)
  region size 1024K, 2 young (2048K), 2 survivors (2048K)
 Metaspace       used 53799K, committed 54336K, reserved 1114112K
  class space    used 5890K, committed 6144K, reserved 1048576K
}
Event: 34.979 GC heap before
{Heap before GC invocations=16 (full 0):
 garbage-first heap   total reserved 1921024K, committed 54272K, used 45682K [0x000000008ac00000, 0x0000000100000000)
  region size 1024K, 17 young (17408K), 2 survivors (2048K)
 Metaspace       used 56942K, committed 57536K, reserved 1114112K
  class space    used 6289K, committed 6528K, reserved 1048576K
}
Event: 34.985 GC heap after
{Heap after GC invocations=17 (full 0):
 garbage-first heap   total reserved 1921024K, committed 54272K, used 32126K [0x000000008ac00000, 0x0000000100000000)
  region size 1024K, 3 young (3072K), 3 survivors (3072K)
 Metaspace       used 56942K, committed 57536K, reserved 1114112K
  class space    used 6289K, committed 6528K, reserved 1048576K
}

