# JRE version: OpenJDK Runtime Environment (24.0.1+9) (build 24.0.1+9-30)
# Java VM: OpenJDK 64-Bit Server VM (24.0.1+9-30, mixed mode, sharing, tiered, compressed oops, compressed class ptrs, g1 gc, windows-amd64)
GC Precious Log:
 CardTable entry size: 512
 Card Set container configuration: InlinePtr #cards 5 size 8 Array Of Cards #cards 10 size 36 Howl #buckets 4 coarsen threshold 1843 Howl Bitmap #cards 512 size 80 coarsen threshold 460 Card regions per heap region 1 cards per card region 2048
 CPUs: 16 total, 16 available
 Memory: 7501M
 Large Page Support: Disabled
 NUMA Support: Disabled
 Compressed Oops: Enabled (32-bit)
 Heap Region Size: 1M
 Heap Min Capacity: 8M
 Heap Initial Capacity: 118M
 Heap Max Capacity: 1876M
 Pre-touch: Disabled
 Parallel Workers: 13
 Concurrent Workers: 3
 Concurrent Refinement Workers: 13
 Periodic GC: Disabled
Heap:
 garbage-first heap   total reserved 1921024K, committed 51200K, used 36384K [0x000000008ac00000, 0x0000000100000000)
  region size 1024K, 13 young (13312K), 2 survivors (2048K)
 Metaspace       used 47681K, committed 48192K, reserved 1114112K
  class space    used 5112K, committed 5312K, reserved 1048576K
GC Heap History (16 events):
Event: 3.259 GC heap before
{Heap before GC invocations=0 (full 0):
 garbage-first heap   total reserved 1921024K, committed 122880K, used 49264K [0x000000008ac00000, 0x0000000100000000)
  region size 1024K, 47 young (48128K), 0 survivors (0K)
 Metaspace       used 12753K, committed 13056K, reserved 1114112K
  class space    used 1273K, committed 1408K, reserved 1048576K
}
Event: 3.276 GC heap after
{Heap after GC invocations=1 (full 0):
 garbage-first heap   total reserved 1921024K, committed 122880K, used 8779K [0x000000008ac00000, 0x0000000100000000)
  region size 1024K, 6 young (6144K), 6 survivors (6144K)
 Metaspace       used 12753K, committed 13056K, reserved 1114112K
  class space    used 1273K, committed 1408K, reserved 1048576K
}
Event: 4.436 GC heap before
{Heap before GC invocations=1 (full 0):
 garbage-first heap   total reserved 1921024K, committed 122880K, used 41547K [0x000000008ac00000, 0x0000000100000000)
  region size 1024K, 40 young (40960K), 6 survivors (6144K)
 Metaspace       used 21234K, committed 21504K, reserved 1114112K
  class space    used 2157K, committed 2304K, reserved 1048576K
}
Event: 4.445 GC heap after
{Heap after GC invocations=2 (full 0):
 garbage-first heap   total reserved 1921024K, committed 122880K, used 11989K [0x000000008ac00000, 0x0000000100000000)
  region size 1024K, 3 young (3072K), 3 survivors (3072K)
 Metaspace       used 21234K, committed 21504K, reserved 1114112K
  class space    used 2157K, committed 2304K, reserved 1048576K
}
Event: 5.736 GC heap before
{Heap before GC invocations=3 (full 0):
 garbage-first heap   total reserved 1921024K, committed 45056K, used 42709K [0x000000008ac00000, 0x0000000100000000)
  region size 1024K, 34 young (34816K), 3 survivors (3072K)
 Metaspace       used 25248K, committed 25600K, reserved 1114112K
  class space    used 2566K, committed 2752K, reserved 1048576K
}
Event: 5.743 GC heap after
{Heap after GC invocations=4 (full 0):
 garbage-first heap   total reserved 1921024K, committed 51200K, used 14852K [0x000000008ac00000, 0x0000000100000000)
  region size 1024K, 6 young (6144K), 6 survivors (6144K)
 Metaspace       used 25248K, committed 25600K, reserved 1114112K
  class space    used 2566K, committed 2752K, reserved 1048576K
}
Event: 32.418 GC heap before
{Heap before GC invocations=4 (full 0):
 garbage-first heap   total reserved 1921024K, committed 51200K, used 36356K [0x000000008ac00000, 0x0000000100000000)
  region size 1024K, 27 young (27648K), 6 survivors (6144K)
 Metaspace       used 28588K, committed 28992K, reserved 1114112K
  class space    used 2889K, committed 3072K, reserved 1048576K
}
Event: 32.426 GC heap after
{Heap after GC invocations=5 (full 0):
 garbage-first heap   total reserved 1921024K, committed 51200K, used 16429K [0x000000008ac00000, 0x0000000100000000)
  region size 1024K, 2 young (2048K), 2 survivors (2048K)
 Metaspace       used 28588K, committed 28992K, reserved 1114112K
  class space    used 2889K, committed 3072K, reserved 1048576K
}
Event: 34.482 GC heap before
{Heap before GC invocations=5 (full 0):
 garbage-first heap   total reserved 1921024K, committed 51200K, used 37933K [0x000000008ac00000, 0x0000000100000000)
  region size 1024K, 23 young (23552K), 2 survivors (2048K)
 Metaspace       used 32228K, committed 32704K, reserved 1114112K
  class space    used 3346K, committed 3584K, reserved 1048576K
}
Event: 34.487 GC heap after
{Heap after GC invocations=6 (full 0):
 garbage-first heap   total reserved 1921024K, committed 51200K, used 18352K [0x000000008ac00000, 0x0000000100000000)
  region size 1024K, 2 young (2048K), 2 survivors (2048K)
 Metaspace       used 32228K, committed 32704K, reserved 1114112K
  class space    used 3346K, committed 3584K, reserved 1048576K
}
Event: 43.363 GC heap before
{Heap before GC invocations=6 (full 0):
 garbage-first heap   total reserved 1921024K, committed 51200K, used 38832K [0x000000008ac00000, 0x0000000100000000)
  region size 1024K, 23 young (23552K), 2 survivors (2048K)
 Metaspace       used 35698K, committed 36096K, reserved 1114112K
  class space    used 3730K, committed 3904K, reserved 1048576K
}
Event: 43.368 GC heap after
{Heap after GC invocations=7 (full 0):
 garbage-first heap   total reserved 1921024K, committed 51200K, used 20151K [0x000000008ac00000, 0x0000000100000000)
  region size 1024K, 2 young (2048K), 2 survivors (2048K)
 Metaspace       used 35698K, committed 36096K, reserved 1114112K
  class space    used 3730K, committed 3904K, reserved 1048576K
}
Event: 48.762 GC heap before
{Heap before GC invocations=8 (full 0):
 garbage-first heap   total reserved 1921024K, committed 51200K, used 40631K [0x000000008ac00000, 0x0000000100000000)
  region size 1024K, 23 young (23552K), 2 survivors (2048K)
 Metaspace       used 41007K, committed 41472K, reserved 1114112K
  class space    used 4305K, committed 4480K, reserved 1048576K
}
Event: 48.766 GC heap after
{Heap after GC invocations=9 (full 0):
 garbage-first heap   total reserved 1921024K, committed 51200K, used 22462K [0x000000008ac00000, 0x0000000100000000)
  region size 1024K, 3 young (3072K), 3 survivors (3072K)
 Metaspace       used 41007K, committed 41472K, reserved 1114112K
  class space    used 4305K, committed 4480K, reserved 1048576K
}
Event: 50.745 GC heap before
{Heap before GC invocations=9 (full 0):
 garbage-first heap   total reserved 1921024K, committed 51200K, used 40894K [0x000000008ac00000, 0x0000000100000000)
  region size 1024K, 22 young (22528K), 3 survivors (3072K)
 Metaspace       used 44009K, committed 44544K, reserved 1114112K
  class space    used 4658K, committed 4864K, reserved 1048576K
}
Event: 50.753 GC heap after
{Heap after GC invocations=10 (full 0):
 garbage-first heap   total reserved 1921024K, committed 51200K, used 24233K [0x000000008ac00000, 0x0000000100000000)
  region size 1024K, 3 young (3072K), 3 survivors (3072K)
 Metaspace       used 44009K, committed 44544K, reserved 1114112K
  class space    used 4658K, committed 4864K, reserved 1048576K
}

